10-10 10:57:35 com_github_MitjaNemec_ReplicateLayout.action_replicate_layout 303:Plugin executed on: 'win32'
10-10 10:57:35 com_github_MitjaNemec_ReplicateLayout.action_replicate_layout 304:Plugin executed with python version: '3.9.10 (main, Jul 19 2022, 05:36:50) [MSC v.1932 64 bit (AMD64)]'
10-10 10:57:35 com_github_MitjaNemec_ReplicateLayout.action_replicate_layout 305:KiCad build version: (6.0.7)
10-10 10:57:35 com_github_MitjaNemec_ReplicateLayout.action_replicate_layout 306:Plugin version: 1.2.1
10-10 10:57:35 com_github_MitjaNemec_ReplicateLayout.action_replicate_layout 307:Frame repr: <wx._core.Frame object at 0x000001FE48EA3700>
10-10 10:57:35 com_github_MitjaNemec_ReplicateLayout.action_replicate_layout 331:Preparing replicator with R2 as a reference
10-10 10:57:35 com_github_MitjaNemec_ReplicateLayout.replicate_layout 106:getting a list of all footprints on board
10-10 10:57:35 com_github_MitjaNemec_ReplicateLayout.action_replicate_layout 359:source anchor footprint is 'R2'
Located on: ['demo1']
With filenames: ['demo1.kicad_sch']
With sheet_id:['demo1']
10-10 10:57:35 com_github_MitjaNemec_ReplicateLayout.action_replicate_layout 366:Corresponding footprints are 
[('R4', ['demo2']), ('R2', ['demo1'])]
10-10 10:57:35 com_github_MitjaNemec_ReplicateLayout.action_replicate_layout 378:Showing dialog
10-10 10:57:35 com_github_MitjaNemec_ReplicateLayout.replicate_layout 344:constructing a list of sheets suitable for replication on level:'demo1', file:'demo1.kicad_sch'
10-10 10:57:35 com_github_MitjaNemec_ReplicateLayout.replicate_layout 381:suitable sheets are:[['demo2']]
10-10 10:57:35 com_github_MitjaNemec_ReplicateLayout.replicate_layout 1112:Level selected: ['demo1']
10-10 10:57:35 com_github_MitjaNemec_ReplicateLayout.action_replicate_layout 384:Toolbar position: wx.Point(2518, 96)
10-10 10:57:35 com_github_MitjaNemec_ReplicateLayout.action_replicate_layout 390:Dialog position: wx.Point(2154, 96)
10-10 10:57:37 com_github_MitjaNemec_ReplicateLayout.replicate_layout 344:constructing a list of sheets suitable for replication on level:'demo1', file:'demo1.kicad_sch'
10-10 10:57:37 com_github_MitjaNemec_ReplicateLayout.replicate_layout 381:suitable sheets are:[['demo2']]
10-10 10:57:37 com_github_MitjaNemec_ReplicateLayout.action_replicate_layout 157:Replicating layout
10-10 10:57:37 com_github_MitjaNemec_ReplicateLayout.replicate_layout 154:Starting replication of sheets: [['demo2']]
on level: ['demo1']
with tracks=True, zone=True, text=True, text=True, containing=True, remove=False, locked footprints=False, by_group=False
10-10 10:57:37 root 243:updating GUI message: 'Preparing for replication'
10-10 10:57:37 root 248:updating GUI with: 0
10-10 10:57:37 com_github_MitjaNemec_ReplicateLayout.replicate_layout 224:Getting the list of source footprints
10-10 10:57:37 com_github_MitjaNemec_ReplicateLayout.replicate_layout 239:Getting the list of all the remaining footprints
10-10 10:57:37 com_github_MitjaNemec_ReplicateLayout.replicate_layout 244:Getting nets local to source footprints
10-10 10:57:37 com_github_MitjaNemec_ReplicateLayout.replicate_layout 247:Getting source bounding box
10-10 10:57:37 com_github_MitjaNemec_ReplicateLayout.replicate_layout 251:Getting source tracks
10-10 10:57:37 com_github_MitjaNemec_ReplicateLayout.replicate_layout 266:Getting source zones
10-10 10:57:37 com_github_MitjaNemec_ReplicateLayout.replicate_layout 275:Getting source text items
10-10 10:57:37 com_github_MitjaNemec_ReplicateLayout.replicate_layout 284:Getting source drawing items
10-10 10:57:37 root 243:updating GUI message: 'Replicating footprints'
10-10 10:57:37 com_github_MitjaNemec_ReplicateLayout.replicate_layout 678:Replicating footprints
10-10 10:57:37 com_github_MitjaNemec_ReplicateLayout.replicate_layout 684:Replicating footprints on sheet ['demo2']
